<?xml version="1.0" encoding="UTF-8"?>
<testsuite name="TestStringAndMapBuilders" tests="1" skipped="0" failures="0" errors="0" timestamp="2022-10-05T20:09:02" hostname="JBHATT-ZFG8" time="0.018">
  <properties/>
  <testcase name="testBuildMap" classname="TestStringAndMapBuilders" time="0.018"/>
  <system-out><![CDATA[]]></system-out>
  <system-err><![CDATA[]]></system-err>
</testsuite>
