<?xml version="1.0" encoding="UTF-8"?>
<testsuite name="Test" tests="2" skipped="0" failures="0" errors="0" timestamp="2022-09-18T00:03:10" hostname="JBHATT-ZFG8" time="0.01">
  <properties/>
  <testcase name="testNegative" classname="Test" time="0.009"/>
  <testcase name="testLargeNumber" classname="Test" time="0.0"/>
  <system-out><![CDATA[]]></system-out>
  <system-err><![CDATA[]]></system-err>
</testsuite>
