<?xml version="1.0" encoding="UTF-8"?>
<testsuite name="TestFlatMap" tests="2" skipped="0" failures="0" errors="0" timestamp="2023-12-13T16:54:00" hostname="system76-pc" time="0.021">
  <properties/>
  <testcase name="testGetOrderedProductsSet" classname="TestFlatMap" time="0.019"/>
  <testcase name="testGetAllOrderedProducts" classname="TestFlatMap" time="0.002"/>
  <system-out><![CDATA[]]></system-out>
  <system-err><![CDATA[]]></system-err>
</testsuite>
