<?xml version="1.0" encoding="UTF-8"?>
<testsuite name="TestRangeTo" tests="3" skipped="0" failures="0" errors="0" timestamp="2022-09-26T12:02:41" hostname="JBHATT-ZFG8" time="0.026">
  <properties/>
  <testcase name="testAfter" classname="TestRangeTo" time="0.014"/>
  <testcase name="testBefore" classname="TestRangeTo" time="0.0"/>
  <testcase name="testInRange" classname="TestRangeTo" time="0.001"/>
  <system-out><![CDATA[]]></system-out>
  <system-err><![CDATA[]]></system-err>
</testsuite>
