<?xml version="1.0" encoding="UTF-8"?>
<testsuite name="TestLazyProperty" tests="2" skipped="0" failures="0" errors="0" timestamp="2023-12-14T16:55:32" hostname="system76-pc" time="0.003">
  <properties/>
  <testcase name="testLazy" classname="TestLazyProperty" time="0.003"/>
  <testcase name="initializedOnce" classname="TestLazyProperty" time="0.0"/>
  <system-out><![CDATA[]]></system-out>
  <system-err><![CDATA[]]></system-err>
</testsuite>
