<?xml version="1.0" encoding="UTF-8"?>
<testsuite name="TestIntroduction" tests="1" skipped="0" failures="0" errors="0" timestamp="2023-12-02T03:15:48" hostname="system76-pc" time="0.022">
  <properties/>
  <testcase name="testSetOfCustomers" classname="TestIntroduction" time="0.022"/>
  <system-out><![CDATA[]]></system-out>
  <system-err><![CDATA[]]></system-err>
</testsuite>
