<?xml version="1.0" encoding="UTF-8"?>
<testsuite name="TestAssociate" tests="3" skipped="0" failures="0" errors="0" timestamp="2022-09-27T22:04:07" hostname="JBHATT-ZFG8" time="0.05">
  <properties/>
  <testcase name="testAssociate" classname="TestAssociate" time="0.034"/>
  <testcase name="testAssociateBy" classname="TestAssociate" time="0.0"/>
  <testcase name="testAssociateWith" classname="TestAssociate" time="0.001"/>
  <system-out><![CDATA[]]></system-out>
  <system-err><![CDATA[]]></system-err>
</testsuite>
