<?xml version="1.0" encoding="UTF-8"?>
<testsuite name="TestStart" tests="1" skipped="0" failures="0" errors="0" timestamp="2022-08-20T21:17:06" hostname="JBHATT-ZFG8" time="0.004">
  <properties/>
  <testcase name="testOk" classname="TestStart" time="0.004"/>
  <system-out><![CDATA[]]></system-out>
  <system-err><![CDATA[]]></system-err>
</testsuite>
