<?xml version="1.0" encoding="UTF-8"?>
<testsuite name="TestExtensionFunctions" tests="2" skipped="0" failures="0" errors="0" timestamp="2022-09-25T23:06:35" hostname="JBHATT-ZFG8" time="0.039">
  <properties/>
  <testcase name="testPairExtension" classname="TestExtensionFunctions" time="0.038"/>
  <testcase name="testIntExtension" classname="TestExtensionFunctions" time="0.0"/>
  <system-out><![CDATA[]]></system-out>
  <system-err><![CDATA[]]></system-err>
</testsuite>
