<?xml version="1.0" encoding="UTF-8"?>
<testsuite name="TestFold" tests="1" skipped="0" failures="0" errors="0" timestamp="2023-12-13T19:16:24" hostname="system76-pc" time="0.016">
  <properties/>
  <testcase name="testGetProductsOrderedByAllCustomers" classname="TestFold" time="0.016"/>
  <system-out><![CDATA[]]></system-out>
  <system-err><![CDATA[]]></system-err>
</testsuite>
