<?xml version="1.0" encoding="UTF-8"?>
<testsuite name="TestNamedArguments" tests="1" skipped="0" failures="0" errors="0" timestamp="2023-11-21T22:18:22" hostname="system76-pc" time="0.013">
  <properties/>
  <testcase name="testJoinToString" classname="TestNamedArguments" time="0.013"/>
  <system-out><![CDATA[]]></system-out>
  <system-err><![CDATA[]]></system-err>
</testsuite>
