<?xml version="1.0" encoding="UTF-8"?>
<testsuite name="TestNamedArguments" tests="1" skipped="0" failures="0" errors="0" timestamp="2022-08-20T21:24:51" hostname="JBHATT-ZFG8" time="0.029">
  <properties/>
  <testcase name="testJoinToString" classname="TestNamedArguments" time="0.029"/>
  <system-out><![CDATA[]]></system-out>
  <system-err><![CDATA[]]></system-err>
</testsuite>
