<?xml version="1.0" encoding="UTF-8"?>
<testsuite name="Test" tests="1" skipped="0" failures="0" errors="0" timestamp="2022-09-25T22:46:41" hostname="JBHATT-ZFG8" time="0.059">
  <properties/>
  <testcase name="testRandom" classname="Test" time="0.059"/>
  <system-out><![CDATA[]]></system-out>
  <system-err><![CDATA[]]></system-err>
</testsuite>
