<?xml version="1.0" encoding="UTF-8"?>
<testsuite name="TestDataClasses" tests="2" skipped="0" failures="0" errors="0" timestamp="2022-09-19T22:46:50" hostname="JBHATT-ZFG8" time="0.048">
  <properties/>
  <testcase name="testComparePeople" classname="TestDataClasses" time="0.026"/>
  <testcase name="testListOfPeople" classname="TestDataClasses" time="0.022"/>
  <system-out><![CDATA[]]></system-out>
  <system-err><![CDATA[]]></system-err>
</testsuite>
