<?xml version="1.0" encoding="UTF-8"?>
<testsuite name="TestDataClasses" tests="2" skipped="0" failures="0" errors="0" timestamp="2023-11-21T22:33:11" hostname="system76-pc" time="0.009">
  <properties/>
  <testcase name="testComparePeople" classname="TestDataClasses" time="0.002"/>
  <testcase name="testListOfPeople" classname="TestDataClasses" time="0.007"/>
  <system-out><![CDATA[]]></system-out>
  <system-err><![CDATA[]]></system-err>
</testsuite>
