<?xml version="1.0" encoding="UTF-8"?>
<testsuite name="TestProperties" tests="1" skipped="0" failures="0" errors="0" timestamp="2022-10-05T19:24:14" hostname="JBHATT-ZFG8" time="0.012">
  <properties/>
  <testcase name="testPropertyWithCounter" classname="TestProperties" time="0.012"/>
  <system-out><![CDATA[]]></system-out>
  <system-err><![CDATA[]]></system-err>
</testsuite>
