<?xml version="1.0" encoding="UTF-8"?>
<testsuite name="TestInvoke" tests="2" skipped="0" failures="0" errors="0" timestamp="2022-09-26T15:45:28" hostname="JBHATT-ZFG8" time="0.011">
  <properties/>
  <testcase name="testInvokeTwice" classname="TestInvoke" time="0.009"/>
  <testcase name="testNumberOfInvocations" classname="TestInvoke" time="0.001"/>
  <system-out><![CDATA[]]></system-out>
  <system-err><![CDATA[]]></system-err>
</testsuite>
