<?xml version="1.0" encoding="UTF-8"?>
<testsuite name="TestComparison" tests="3" skipped="0" failures="0" errors="0" timestamp="2022-09-26T00:20:16" hostname="JBHATT-ZFG8" time="0.011">
  <properties/>
  <testcase name="testAfter" classname="TestComparison" time="0.009"/>
  <testcase name="testSame" classname="TestComparison" time="0.0"/>
  <testcase name="testBefore" classname="TestComparison" time="0.001"/>
  <system-out><![CDATA[]]></system-out>
  <system-err><![CDATA[]]></system-err>
</testsuite>
