<?xml version="1.0" encoding="UTF-8"?>
<testsuite name="TestSum" tests="2" skipped="0" failures="0" errors="0" timestamp="2022-10-01T23:50:42" hostname="JBHATT-ZFG8" time="0.034">
  <properties/>
  <testcase name="testGetTotalOrderPrice" classname="TestSum" time="0.033"/>
  <testcase name="testGetTotalOrderPrice1" classname="TestSum" time="0.001"/>
  <system-out><![CDATA[]]></system-out>
  <system-err><![CDATA[]]></system-err>
</testsuite>
