<?xml version="1.0" encoding="UTF-8"?>
<testsuite name="TestDelegatesHowItWorks" tests="1" skipped="0" failures="0" errors="0" timestamp="2023-12-14T17:02:16" hostname="system76-pc" time="0.005">
  <properties/>
  <testcase name="testDate" classname="TestDelegatesHowItWorks" time="0.005"/>
  <system-out><![CDATA[]]></system-out>
  <system-err><![CDATA[]]></system-err>
</testsuite>
