<?xml version="1.0" encoding="UTF-8"?>
<testsuite name="TestDelegatesHowItWorks" tests="1" skipped="0" failures="0" errors="0" timestamp="2022-10-05T19:46:45" hostname="JBHATT-ZFG8" time="0.04">
  <properties/>
  <testcase name="testDate" classname="TestDelegatesHowItWorks" time="0.04"/>
  <system-out><![CDATA[]]></system-out>
  <system-err><![CDATA[]]></system-err>
</testsuite>
