<?xml version="1.0" encoding="UTF-8"?>
<testsuite name="TestLambdas" tests="2" skipped="0" failures="0" errors="0" timestamp="2022-09-18T00:04:47" hostname="JBHATT-ZFG8" time="0.018">
  <properties/>
  <testcase name="contains" classname="TestLambdas" time="0.018"/>
  <testcase name="notContains" classname="TestLambdas" time="0.0"/>
  <system-out><![CDATA[]]></system-out>
  <system-err><![CDATA[]]></system-err>
</testsuite>
