<?xml version="1.0" encoding="UTF-8"?>
<testsuite name="TestForLoop" tests="2" skipped="0" failures="0" errors="0" timestamp="2022-09-26T14:50:24" hostname="JBHATT-ZFG8" time="0.043">
  <properties/>
  <testcase name="testIterateOverDateRange" classname="TestForLoop" time="0.041"/>
  <testcase name="testIterateOverEmptyRange" classname="TestForLoop" time="0.001"/>
  <system-out><![CDATA[]]></system-out>
  <system-err><![CDATA[]]></system-err>
</testsuite>
