<?xml version="1.0" encoding="UTF-8"?>
<testsuite name="TestGroupBy" tests="1" skipped="0" failures="0" errors="0" timestamp="2022-09-27T22:16:38" hostname="JBHATT-ZFG8" time="0.058">
  <properties/>
  <testcase name="testGroupCustomersByCity" classname="TestGroupBy" time="0.058"/>
  <system-out><![CDATA[]]></system-out>
  <system-err><![CDATA[]]></system-err>
</testsuite>
